<?xml version="1.0" encoding="UTF-8"?>
<!-- Generated by org.testng.reporters.JUnitReportReporter -->
<testsuite skipped="0" hostname="SATHEZ-PC" name="createProfile.Create_Profile_TestCase" tests="1" failures="0" timestamp="08 Jul 2020 17:55:13 GMT" time="4.468" errors="0">
  <testcase name="opengoogle" time="4.468" classname="createProfile.Create_Profile_TestCase"/>
</testsuite> <!-- createProfile.Create_Profile_TestCase -->
